[00:49:36] [main/INFO] [com.velocitypowered.proxy.VelocityServer]: Booting up Velocity 3.4.0-SNAPSHOT (git-44bc15db-b512)...
[00:49:36] [main/INFO] [com.velocitypowered.proxy.VelocityServer]: Loading localizations...
[00:49:36] [main/INFO] [com.velocitypowered.proxy.network.ConnectionManager]: Connections will use epoll channels, libdeflate (Linux x86_64) compression, OpenSSL 3.x.x (Linux x86_64) ciphers
[00:49:36] [main/WARN] [com.velocitypowered.proxy.config.VelocityConfiguration]: The proxy is running in offline mode! This is a security risk and you will NOT receive any support!
[00:49:36] [main/WARN] [com.velocitypowered.proxy.config.VelocityConfiguration]: Player info forwarding is disabled! All players will appear to be connecting from the proxy and will have offline-mode UUIDs.
[00:49:36] [main/INFO] [com.velocitypowered.proxy.VelocityServer]: Loading plugins...
[00:49:37] [main/INFO] [eaglerxserver]: Loading EaglercraftXServer 1.0.7...
[00:49:37] [main/INFO] [eaglerxserver]: (Platform: Velocity)
[00:49:37] [main/INFO] [eaglerxserver]: Server Name: "EaglercraftXServer"
[00:49:37] [main/INFO] [com.velocitypowered.proxy.plugin.VelocityPluginManager]: Loaded plugin eaglerxserver 1.0.7 by lax1dude
[00:49:37] [main/INFO] [com.velocitypowered.proxy.plugin.VelocityPluginManager]: Loaded plugin eaglerweb 1.0.0 by lax1dude
[00:49:37] [main/INFO] [com.velocitypowered.proxy.plugin.VelocityPluginManager]: Loaded plugin eaglerxrewind-1-5 1.0.2 by lax1dude, ayunami2000
[00:49:37] [main/INFO] [com.velocitypowered.proxy.plugin.VelocityPluginManager]: Loaded plugin nlogin 10.4.23 by NickUC
[00:49:37] [main/INFO] [com.velocitypowered.proxy.VelocityServer]: Loaded 5 plugins
[00:49:37] [EaglercraftXServer - Task Executor #0/WARN] [com.velocitypowered.proxy.network.ConnectionManager]: The server channel initializer has been replaced by java.base/jdk.internal.reflect.DirectMethodHandleAccessor.invoke(DirectMethodHandleAccessor.java:103)
[00:49:37] [EaglercraftXServer - Task Executor #0/INFO] [eaglerxserver]: Enabling EaglercraftXServer 1.0.7...
[00:49:37] [EaglercraftXServer - Task Executor #0/INFO] [eaglerxserver]: Connecting to skin cache database "jdbc:sqlite:eagler_skins_cache.db"...
[00:49:37] [EaglercraftXServer - Task Executor #0/INFO] [eaglerxserver]: Connected to skin cache database successfully!
[00:49:37] [EaglercraftXServer - Task Executor #0/INFO] [eaglerweb]: Loading config files...
[00:49:37] [EaglercraftXServer - Task Executor #0/INFO] [eaglerweb]: Indexing pages, please wait...
[00:49:37] [EaglercraftXServer - Task Executor #0/INFO] [eaglerweb]: Indexed 12 pages total!
[00:49:38] [EaglercraftXServer - Task Executor #0/INFO] [eaglerxrewind-1-5]: EaglerXRewind protocol for Eaglercraft 1.5.2 has been registered
[00:49:39] [Netty epoll Worker #0/INFO] [eaglerxserver]: You are running the latest version of EaglerXServer
[00:49:39] [EaglercraftXServer - Task Executor #0/INFO] [nlogin]: Successful plugin core start (took 0.69s)
[00:49:39] [EaglercraftXServer - Task Executor #0/INFO] [com.velocitypowered.proxy.console.VelocityConsole]:           __             _       
[00:49:39] [EaglercraftXServer - Task Executor #0/INFO] [com.velocitypowered.proxy.console.VelocityConsole]:   _ __   / /  ___   __ _(_)_ __  
[00:49:39] [EaglercraftXServer - Task Executor #0/INFO] [com.velocitypowered.proxy.console.VelocityConsole]:  | '_ \ / /  / _ \ / _` | | '_ \ 
[00:49:39] [EaglercraftXServer - Task Executor #0/INFO] [com.velocitypowered.proxy.console.VelocityConsole]:  | | | / /__| (_) | (_| | | | | |
[00:49:39] [EaglercraftXServer - Task Executor #0/INFO] [com.velocitypowered.proxy.console.VelocityConsole]:  |_| |_\____/\___/ \__, |_|_| |_|
[00:49:39] [EaglercraftXServer - Task Executor #0/INFO] [com.velocitypowered.proxy.console.VelocityConsole]:                   |___/            
[00:49:39] [EaglercraftXServer - Task Executor #0/INFO] [com.velocitypowered.proxy.console.VelocityConsole]:  By: www.nickuc.com - V 10.4.23 DEVELOPMENT
[00:49:39] [EaglercraftXServer - Task Executor #0/INFO] [com.velocitypowered.proxy.console.VelocityConsole]:  
[00:49:40] [main/INFO] [com.velocitypowered.proxy.Velocity]: Done (4.82s)!
[00:49:40] [Netty epoll Boss #0/INFO] [eaglerxserver]: Listener "listener0" injected into channel [id: 0x83777a4e, L:/[0:0:0:0:0:0:0:0]:25567] successfully (Velocity method)
[00:49:40] [Netty epoll Boss #0/INFO] [com.velocitypowered.proxy.network.ConnectionManager]: Listening on /[0:0:0:0:0:0:0:0]:25567
[00:49:45] [nLogin - Task Executor #0/INFO] [com.velocitypowered.proxy.console.VelocityConsole]: 
[00:49:45] [nLogin - Task Executor #0/INFO] [com.velocitypowered.proxy.console.VelocityConsole]:  Thank you so much for choosing nLogin! <3
[00:49:45] [nLogin - Task Executor #0/INFO] [com.velocitypowered.proxy.console.VelocityConsole]: 
[00:49:45] [nLogin - Task Executor #0/INFO] [com.velocitypowered.proxy.console.VelocityConsole]:  For your safety, please read the message below:
[00:49:45] [nLogin - Task Executor #0/INFO] [com.velocitypowered.proxy.console.VelocityConsole]:   Never download nLogin from unknown sources.
[00:49:45] [nLogin - Task Executor #0/INFO] [com.velocitypowered.proxy.console.VelocityConsole]:   A modified version may contain malicious software.
[00:49:45] [nLogin - Task Executor #0/INFO] [com.velocitypowered.proxy.console.VelocityConsole]: 
[00:49:45] [nLogin - Task Executor #0/INFO] [com.velocitypowered.proxy.console.VelocityConsole]:  Trusted sources:
[00:49:45] [nLogin - Task Executor #0/INFO] [com.velocitypowered.proxy.console.VelocityConsole]:   www.nickuc.com
[00:49:45] [nLogin - Task Executor #0/INFO] [com.velocitypowered.proxy.console.VelocityConsole]:   www.github.com/nickuc
[00:49:45] [nLogin - Task Executor #0/INFO] [com.velocitypowered.proxy.console.VelocityConsole]:   OpeNLogin installer (from Spigot or GitHub)
[00:49:45] [nLogin - Task Executor #0/INFO] [com.velocitypowered.proxy.console.VelocityConsole]: 
[00:49:45] [nLogin - Task Executor #0/INFO] [com.velocitypowered.proxy.console.VelocityConsole]:  Official support channels:
[00:49:45] [nLogin - Task Executor #0/INFO] [com.velocitypowered.proxy.console.VelocityConsole]:   Discord group: www.nickuc.com/discord
[00:49:45] [nLogin - Task Executor #0/INFO] [com.velocitypowered.proxy.console.VelocityConsole]:   Documentation: docs.nickuc.com/nlogin/
[00:49:45] [nLogin - Task Executor #0/INFO] [com.velocitypowered.proxy.console.VelocityConsole]:   Email: support@nickuc.com
[00:49:45] [nLogin - Task Executor #0/INFO] [com.velocitypowered.proxy.console.VelocityConsole]:   YouTube: youtube.com/nickuc
[00:49:45] [nLogin - Task Executor #0/INFO] [com.velocitypowered.proxy.console.VelocityConsole]: 
[00:49:45] [nLogin - Task Executor #0/INFO] [com.velocitypowered.proxy.console.VelocityConsole]:  To remove this warning, log in with "nlogin.admin" permission on the server
[00:49:45] [nLogin - Task Executor #0/INFO] [com.velocitypowered.proxy.console.VelocityConsole]:  and click the "Setup plugin" button to configure your plugin.
[00:49:45] [nLogin - Task Executor #0/INFO] [com.velocitypowered.proxy.console.VelocityConsole]: 
[01:25:08] [Netty epoll Worker #0/INFO] [com.velocitypowered.proxy.connection.client.AuthSessionHandler]: [connected player] Iker (/[0:0:0:0:0:0:0:1]:35696) has connected
[01:25:08] [Netty epoll Worker #0/INFO] [com.velocitypowered.proxy.connection.MinecraftConnection]: [server connection] Iker -> auth has connected
[01:25:13] [nLogin - Task Executor #0/INFO] [nlogin]: The user Iker has successfully registered.
[01:25:13] [Netty epoll Worker #0/INFO] [com.velocitypowered.proxy.connection.MinecraftConnection]: [server connection] Iker -> survival has connected
[01:25:14] [Netty epoll Worker #0/INFO] [com.velocitypowered.proxy.connection.MinecraftConnection]: [server connection] Iker -> auth has disconnected
[01:28:21] [Netty epoll Worker #0/INFO] [com.velocitypowered.proxy.connection.client.ConnectedPlayer]: [connected player] Iker (/[0:0:0:0:0:0:0:1]:35696): kicked from server survival: Server closed
[01:28:21] [Netty epoll Worker #0/INFO] [com.velocitypowered.proxy.connection.MinecraftConnection]: [server connection] Iker -> survival has disconnected
[01:28:21] [Netty epoll Worker #0/INFO] [com.velocitypowered.proxy.connection.MinecraftConnection]: [server connection] Iker -> auth has connected
[01:29:16] [Netty epoll Worker #0/INFO] [com.velocitypowered.proxy.connection.client.ConnectedPlayer]: [connected player] Iker (/[0:0:0:0:0:0:0:1]:35696) has disconnected: An internal error occurred in your connection.
[01:29:16] [Netty epoll Worker #0/ERROR] [com.velocitypowered.proxy.connection.MinecraftConnection]: [connected player] Iker (/[0:0:0:0:0:0:0:1]:35696): read timed out
[01:29:16] [Netty epoll Worker #0/INFO] [com.velocitypowered.proxy.connection.MinecraftConnection]: [server connection] Iker -> auth has disconnected
[01:30:35] [Netty epoll Worker #1/INFO] [com.velocitypowered.proxy.connection.client.AuthSessionHandler]: [connected player] Iker (/[0:0:0:0:0:0:0:1]:54482) has connected
[01:30:36] [Netty epoll Worker #1/INFO] [com.velocitypowered.proxy.connection.MinecraftConnection]: [server connection] Iker -> auth has connected
[01:30:39] [nLogin - Task Executor #10/INFO] [nlogin]: The user Iker has successfully logged in.
[01:30:39] [Netty epoll Worker #1/INFO] [com.velocitypowered.proxy.connection.MinecraftConnection]: [server connection] Iker -> survival has connected
[01:30:40] [Netty epoll Worker #1/INFO] [com.velocitypowered.proxy.connection.MinecraftConnection]: [server connection] Iker -> auth has disconnected
[01:34:45] [Netty epoll Worker #1/INFO] [com.velocitypowered.proxy.connection.client.ConnectedPlayer]: [connected player] Iker (/[0:0:0:0:0:0:0:1]:54482): kicked from server survival: Server closed
[01:34:45] [Netty epoll Worker #1/INFO] [com.velocitypowered.proxy.connection.MinecraftConnection]: [server connection] Iker -> survival has disconnected
[01:34:45] [Netty epoll Worker #1/INFO] [com.velocitypowered.proxy.connection.MinecraftConnection]: [server connection] Iker -> auth has connected
[01:35:46] [Netty epoll Worker #1/INFO] [com.velocitypowered.proxy.connection.client.ConnectedPlayer]: [connected player] Iker (/[0:0:0:0:0:0:0:1]:54482) has disconnected: An internal error occurred in your connection.
[01:35:46] [Netty epoll Worker #1/ERROR] [com.velocitypowered.proxy.connection.MinecraftConnection]: [connected player] Iker (/[0:0:0:0:0:0:0:1]:54482): read timed out
[01:35:46] [Netty epoll Worker #1/INFO] [com.velocitypowered.proxy.connection.MinecraftConnection]: [server connection] Iker -> auth has disconnected
[01:40:30] [Thread-16/INFO] [com.velocitypowered.proxy.VelocityServer]: Shutting down the proxy...
[01:40:30] [Thread-16/INFO] [com.velocitypowered.proxy.network.ConnectionManager]: Closing endpoint /0.0.0.0:25567
[01:40:30] [EaglercraftXServer - Task Executor #3/INFO] [eaglerxserver]: Disabling EaglercraftXServer 1.0.7...
[01:40:30] [EaglercraftXServer - Task Executor #3/INFO] [eaglerxserver]: Disconnecting from skin cache database "jdbc:sqlite:eagler_skins_cache.db"...
[01:40:30] [EaglercraftXServer - Task Executor #3/INFO] [eaglerxserver]: Disconnected from skin cache database successfully!
[01:40:30] [EaglercraftXServer - Task Executor #3/INFO] [eaglerweb]: Shutting down, please wait...
[01:40:30] [EaglercraftXServer - Task Executor #3/INFO] [eaglerxrewind-1-5]: EaglerXRewind protocol for Eaglercraft 1.5.2 has been unregistered
[01:40:30] [EaglercraftXServer - Task Executor #3/INFO] [nlogin]: Successful plugin core shutdown (took 0.00s)
